# JRE version: OpenJDK Runtime Environment Temurin-17.0.1+12 (17.0.1+12) (build 17.0.1+12)
# Java VM: OpenJDK 64-Bit Server VM Temurin-17.0.1+12 (17.0.1+12, mixed mode, tiered, compressed oops, compressed class ptrs, parallel gc, windows-amd64)
GC Precious Log:
 CPUs: 4 total, 4 available
 Memory: 3995M
 Large Page Support: Disabled
 NUMA Support: Disabled
 Compressed Oops: Enabled (32-bit)
 Alignments: Space 512K, Generation 512K, Heap 2M
 Heap Min Capacity: 100M
 Heap Initial Capacity: 100M
 Heap Max Capacity: 1G
 Pre-touch: Disabled
 Parallel Workers: 4
Heap:
 PSYoungGen      total 3584K, used 3179K [0x00000000eab00000, 0x00000000eb500000, 0x0000000100000000)
  eden space 3072K, 87% used [0x00000000eab00000,0x00000000eada0a60,0x00000000eae00000)
  from space 512K, 95% used [0x00000000eb100000,0x00000000eb17a220,0x00000000eb180000)
  to   space 3072K, 0% used [0x00000000eae00000,0x00000000eae00000,0x00000000eb100000)
 ParOldGen       total 300544K, used 269402K [0x00000000c0000000, 0x00000000d2580000, 0x00000000eab00000)
  object space 300544K, 89% used [0x00000000c0000000,0x00000000d07168a8,0x00000000d2580000)
 Metaspace       used 88665K, committed 89664K, reserved 1130496K
  class space    used 8768K, committed 9152K, reserved 1048576K
GC Heap History (20 events):
Event: 1987.933 GC heap before
{Heap before GC invocations=6283 (full 124):
 PSYoungGen      total 4096K, used 4064K [0x00000000eab00000, 0x00000000eb280000, 0x0000000100000000)
  eden space 2048K, 100% used [0x00000000eab00000,0x00000000ead00000,0x00000000ead00000)
  from space 2048K, 98% used [0x00000000eaf80000,0x00000000eb178000,0x00000000eb180000)
  to   space 2560K, 0% used [0x00000000ead00000,0x00000000ead00000,0x00000000eaf80000)
 ParOldGen       total 300544K, used 225577K [0x00000000c0000000, 0x00000000d2580000, 0x00000000eab00000)
  object space 300544K, 75% used [0x00000000c0000000,0x00000000cdc4a6d8,0x00000000d2580000)
 Metaspace       used 88657K, committed 89664K, reserved 1130496K
  class space    used 8768K, committed 9152K, reserved 1048576K
}
Event: 1987.942 GC heap after
{Heap after GC invocations=6283 (full 124):
 PSYoungGen      total 4608K, used 1716K [0x00000000eab00000, 0x00000000eb180000, 0x0000000100000000)
  eden space 2048K, 0% used [0x00000000eab00000,0x00000000eab00000,0x00000000ead00000)
  from space 2560K, 67% used [0x00000000ead00000,0x00000000eaead200,0x00000000eaf80000)
  to   space 2048K, 0% used [0x00000000eaf80000,0x00000000eaf80000,0x00000000eb180000)
 ParOldGen       total 300544K, used 227553K [0x00000000c0000000, 0x00000000d2580000, 0x00000000eab00000)
  object space 300544K, 75% used [0x00000000c0000000,0x00000000cde386d8,0x00000000d2580000)
 Metaspace       used 88657K, committed 89664K, reserved 1130496K
  class space    used 8768K, committed 9152K, reserved 1048576K
}
Event: 1987.950 GC heap before
{Heap before GC invocations=6284 (full 124):
 PSYoungGen      total 4608K, used 3764K [0x00000000eab00000, 0x00000000eb180000, 0x0000000100000000)
  eden space 2048K, 100% used [0x00000000eab00000,0x00000000ead00000,0x00000000ead00000)
  from space 2560K, 67% used [0x00000000ead00000,0x00000000eaead200,0x00000000eaf80000)
  to   space 2048K, 0% used [0x00000000eaf80000,0x00000000eaf80000,0x00000000eb180000)
 ParOldGen       total 300544K, used 227553K [0x00000000c0000000, 0x00000000d2580000, 0x00000000eab00000)
  object space 300544K, 75% used [0x00000000c0000000,0x00000000cde386d8,0x00000000d2580000)
 Metaspace       used 88657K, committed 89664K, reserved 1130496K
  class space    used 8768K, committed 9152K, reserved 1048576K
}
Event: 1987.956 GC heap after
{Heap after GC invocations=6284 (full 124):
 PSYoungGen      total 4608K, used 1504K [0x00000000eab00000, 0x00000000eb180000, 0x0000000100000000)
  eden space 2560K, 0% used [0x00000000eab00000,0x00000000eab00000,0x00000000ead80000)
  from space 2048K, 73% used [0x00000000eaf80000,0x00000000eb0f8000,0x00000000eb180000)
  to   space 2048K, 0% used [0x00000000ead80000,0x00000000ead80000,0x00000000eaf80000)
 ParOldGen       total 300544K, used 229190K [0x00000000c0000000, 0x00000000d2580000, 0x00000000eab00000)
  object space 300544K, 76% used [0x00000000c0000000,0x00000000cdfd18b8,0x00000000d2580000)
 Metaspace       used 88657K, committed 89664K, reserved 1130496K
  class space    used 8768K, committed 9152K, reserved 1048576K
}
Event: 1987.970 GC heap before
{Heap before GC invocations=6285 (full 124):
 PSYoungGen      total 4608K, used 4064K [0x00000000eab00000, 0x00000000eb180000, 0x0000000100000000)
  eden space 2560K, 100% used [0x00000000eab00000,0x00000000ead80000,0x00000000ead80000)
  from space 2048K, 73% used [0x00000000eaf80000,0x00000000eb0f8000,0x00000000eb180000)
  to   space 2048K, 0% used [0x00000000ead80000,0x00000000ead80000,0x00000000eaf80000)
 ParOldGen       total 300544K, used 229190K [0x00000000c0000000, 0x00000000d2580000, 0x00000000eab00000)
  object space 300544K, 76% used [0x00000000c0000000,0x00000000cdfd18b8,0x00000000d2580000)
 Metaspace       used 88657K, committed 89664K, reserved 1130496K
  class space    used 8768K, committed 9152K, reserved 1048576K
}
Event: 1987.976 GC heap after
{Heap after GC invocations=6285 (full 124):
 PSYoungGen      total 4608K, used 1724K [0x00000000eab00000, 0x00000000eb200000, 0x0000000100000000)
  eden space 2560K, 0% used [0x00000000eab00000,0x00000000eab00000,0x00000000ead80000)
  from space 2048K, 84% used [0x00000000ead80000,0x00000000eaf2f000,0x00000000eaf80000)
  to   space 2048K, 0% used [0x00000000eb000000,0x00000000eb000000,0x00000000eb200000)
 ParOldGen       total 300544K, used 230670K [0x00000000c0000000, 0x00000000d2580000, 0x00000000eab00000)
  object space 300544K, 76% used [0x00000000c0000000,0x00000000ce1438b8,0x00000000d2580000)
 Metaspace       used 88657K, committed 89664K, reserved 1130496K
  class space    used 8768K, committed 9152K, reserved 1048576K
}
Event: 1987.992 GC heap before
{Heap before GC invocations=6286 (full 124):
 PSYoungGen      total 4608K, used 4284K [0x00000000eab00000, 0x00000000eb200000, 0x0000000100000000)
  eden space 2560K, 100% used [0x00000000eab00000,0x00000000ead80000,0x00000000ead80000)
  from space 2048K, 84% used [0x00000000ead80000,0x00000000eaf2f000,0x00000000eaf80000)
  to   space 2048K, 0% used [0x00000000eb000000,0x00000000eb000000,0x00000000eb200000)
 ParOldGen       total 300544K, used 230670K [0x00000000c0000000, 0x00000000d2580000, 0x00000000eab00000)
  object space 300544K, 76% used [0x00000000c0000000,0x00000000ce1438b8,0x00000000d2580000)
 Metaspace       used 88657K, committed 89664K, reserved 1130496K
  class space    used 8768K, committed 9152K, reserved 1048576K
}
Event: 1987.999 GC heap after
{Heap after GC invocations=6286 (full 124):
 PSYoungGen      total 4608K, used 1380K [0x00000000eab00000, 0x00000000eb180000, 0x0000000100000000)
  eden space 3072K, 0% used [0x00000000eab00000,0x00000000eab00000,0x00000000eae00000)
  from space 1536K, 89% used [0x00000000eb000000,0x00000000eb159200,0x00000000eb180000)
  to   space 1536K, 0% used [0x00000000eae80000,0x00000000eae80000,0x00000000eb000000)
 ParOldGen       total 300544K, used 232110K [0x00000000c0000000, 0x00000000d2580000, 0x00000000eab00000)
  object space 300544K, 77% used [0x00000000c0000000,0x00000000ce2aba98,0x00000000d2580000)
 Metaspace       used 88657K, committed 89664K, reserved 1130496K
  class space    used 8768K, committed 9152K, reserved 1048576K
}
Event: 1988.360 GC heap before
{Heap before GC invocations=6287 (full 124):
 PSYoungGen      total 4608K, used 4452K [0x00000000eab00000, 0x00000000eb180000, 0x0000000100000000)
  eden space 3072K, 99% used [0x00000000eab00000,0x00000000eadfffb0,0x00000000eae00000)
  from space 1536K, 89% used [0x00000000eb000000,0x00000000eb159200,0x00000000eb180000)
  to   space 1536K, 0% used [0x00000000eae80000,0x00000000eae80000,0x00000000eb000000)
 ParOldGen       total 300544K, used 232110K [0x00000000c0000000, 0x00000000d2580000, 0x00000000eab00000)
  object space 300544K, 77% used [0x00000000c0000000,0x00000000ce2aba98,0x00000000d2580000)
 Metaspace       used 88657K, committed 89664K, reserved 1130496K
  class space    used 8768K, committed 9152K, reserved 1048576K
}
Event: 1988.368 GC heap after
{Heap after GC invocations=6287 (full 124):
 PSYoungGen      total 5120K, used 1312K [0x00000000eab00000, 0x00000000eb200000, 0x0000000100000000)
  eden space 3584K, 0% used [0x00000000eab00000,0x00000000eab00000,0x00000000eae80000)
  from space 1536K, 85% used [0x00000000eae80000,0x00000000eafc8000,0x00000000eb000000)
  to   space 1536K, 0% used [0x00000000eb080000,0x00000000eb080000,0x00000000eb200000)
 ParOldGen       total 300544K, used 232686K [0x00000000c0000000, 0x00000000d2580000, 0x00000000eab00000)
  object space 300544K, 77% used [0x00000000c0000000,0x00000000ce33ba98,0x00000000d2580000)
 Metaspace       used 88657K, committed 89664K, reserved 1130496K
  class space    used 8768K, committed 9152K, reserved 1048576K
}
Event: 1988.482 GC heap before
{Heap before GC invocations=6288 (full 124):
 PSYoungGen      total 5120K, used 4896K [0x00000000eab00000, 0x00000000eb200000, 0x0000000100000000)
  eden space 3584K, 100% used [0x00000000eab00000,0x00000000eae80000,0x00000000eae80000)
  from space 1536K, 85% used [0x00000000eae80000,0x00000000eafc8000,0x00000000eb000000)
  to   space 1536K, 0% used [0x00000000eb080000,0x00000000eb080000,0x00000000eb200000)
 ParOldGen       total 300544K, used 232686K [0x00000000c0000000, 0x00000000d2580000, 0x00000000eab00000)
  object space 300544K, 77% used [0x00000000c0000000,0x00000000ce33ba98,0x00000000d2580000)
 Metaspace       used 88657K, committed 89664K, reserved 1130496K
  class space    used 8768K, committed 9152K, reserved 1048576K
}
Event: 1988.489 GC heap after
{Heap after GC invocations=6288 (full 124):
 PSYoungGen      total 5632K, used 1268K [0x00000000eab00000, 0x00000000eb280000, 0x0000000100000000)
  eden space 4096K, 0% used [0x00000000eab00000,0x00000000eab00000,0x00000000eaf00000)
  from space 1536K, 82% used [0x00000000eb080000,0x00000000eb1bd200,0x00000000eb200000)
  to   space 1536K, 0% used [0x00000000eaf00000,0x00000000eaf00000,0x00000000eb080000)
 ParOldGen       total 300544K, used 233830K [0x00000000c0000000, 0x00000000d2580000, 0x00000000eab00000)
  object space 300544K, 77% used [0x00000000c0000000,0x00000000ce459a98,0x00000000d2580000)
 Metaspace       used 88657K, committed 89664K, reserved 1130496K
  class space    used 8768K, committed 9152K, reserved 1048576K
}
Event: 1988.555 GC heap before
{Heap before GC invocations=6289 (full 124):
 PSYoungGen      total 5632K, used 5364K [0x00000000eab00000, 0x00000000eb280000, 0x0000000100000000)
  eden space 4096K, 100% used [0x00000000eab00000,0x00000000eaf00000,0x00000000eaf00000)
  from space 1536K, 82% used [0x00000000eb080000,0x00000000eb1bd200,0x00000000eb200000)
  to   space 1536K, 0% used [0x00000000eaf00000,0x00000000eaf00000,0x00000000eb080000)
 ParOldGen       total 300544K, used 233830K [0x00000000c0000000, 0x00000000d2580000, 0x00000000eab00000)
  object space 300544K, 77% used [0x00000000c0000000,0x00000000ce459a98,0x00000000d2580000)
 Metaspace       used 88657K, committed 89664K, reserved 1130496K
  class space    used 8768K, committed 9152K, reserved 1048576K
}
Event: 1988.561 GC heap after
{Heap after GC invocations=6289 (full 124):
 PSYoungGen      total 5632K, used 128K [0x00000000eab00000, 0x00000000eb200000, 0x0000000100000000)
  eden space 4096K, 0% used [0x00000000eab00000,0x00000000eab00000,0x00000000eaf00000)
  from space 1536K, 8% used [0x00000000eaf00000,0x00000000eaf20000,0x00000000eb080000)
  to   space 1024K, 0% used [0x00000000eb100000,0x00000000eb100000,0x00000000eb200000)
 ParOldGen       total 300544K, used 234958K [0x00000000c0000000, 0x00000000d2580000, 0x00000000eab00000)
  object space 300544K, 78% used [0x00000000c0000000,0x00000000ce5738b8,0x00000000d2580000)
 Metaspace       used 88657K, committed 89664K, reserved 1130496K
  class space    used 8768K, committed 9152K, reserved 1048576K
}
Event: 1988.795 GC heap before
{Heap before GC invocations=6290 (full 124):
 PSYoungGen      total 5632K, used 4224K [0x00000000eab00000, 0x00000000eb200000, 0x0000000100000000)
  eden space 4096K, 100% used [0x00000000eab00000,0x00000000eaf00000,0x00000000eaf00000)
  from space 1536K, 8% used [0x00000000eaf00000,0x00000000eaf20000,0x00000000eb080000)
  to   space 1024K, 0% used [0x00000000eb100000,0x00000000eb100000,0x00000000eb200000)
 ParOldGen       total 300544K, used 234958K [0x00000000c0000000, 0x00000000d2580000, 0x00000000eab00000)
  object space 300544K, 78% used [0x00000000c0000000,0x00000000ce5738b8,0x00000000d2580000)
 Metaspace       used 88657K, committed 89664K, reserved 1130496K
  class space    used 8768K, committed 9152K, reserved 1048576K
}
Event: 1988.798 GC heap after
{Heap after GC invocations=6290 (full 124):
 PSYoungGen      total 4608K, used 474K [0x00000000eab00000, 0x00000000eb180000, 0x0000000100000000)
  eden space 4096K, 0% used [0x00000000eab00000,0x00000000eab00000,0x00000000eaf00000)
  from space 512K, 92% used [0x00000000eb100000,0x00000000eb176900,0x00000000eb180000)
  to   space 1024K, 0% used [0x00000000eaf80000,0x00000000eaf80000,0x00000000eb080000)
 ParOldGen       total 300544K, used 234982K [0x00000000c0000000, 0x00000000d2580000, 0x00000000eab00000)
  object space 300544K, 78% used [0x00000000c0000000,0x00000000ce5798b8,0x00000000d2580000)
 Metaspace       used 88657K, committed 89664K, reserved 1130496K
  class space    used 8768K, committed 9152K, reserved 1048576K
}
Event: 1988.834 GC heap before
{Heap before GC invocations=6291 (full 124):
 PSYoungGen      total 4608K, used 4570K [0x00000000eab00000, 0x00000000eb180000, 0x0000000100000000)
  eden space 4096K, 100% used [0x00000000eab00000,0x00000000eaf00000,0x00000000eaf00000)
  from space 512K, 92% used [0x00000000eb100000,0x00000000eb176900,0x00000000eb180000)
  to   space 1024K, 0% used [0x00000000eaf80000,0x00000000eaf80000,0x00000000eb080000)
 ParOldGen       total 300544K, used 234982K [0x00000000c0000000, 0x00000000d2580000, 0x00000000eab00000)
  object space 300544K, 78% used [0x00000000c0000000,0x00000000ce5798b8,0x00000000d2580000)
 Metaspace       used 88657K, committed 89664K, reserved 1130496K
  class space    used 8768K, committed 9152K, reserved 1048576K
}
Event: 1988.840 GC heap after
{Heap after GC invocations=6291 (full 124):
 PSYoungGen      total 5120K, used 1024K [0x00000000eab00000, 0x00000000eb300000, 0x0000000100000000)
  eden space 4096K, 0% used [0x00000000eab00000,0x00000000eab00000,0x00000000eaf00000)
  from space 1024K, 100% used [0x00000000eaf80000,0x00000000eb080000,0x00000000eb080000)
  to   space 2048K, 0% used [0x00000000eb100000,0x00000000eb100000,0x00000000eb300000)
 ParOldGen       total 300544K, used 235385K [0x00000000c0000000, 0x00000000d2580000, 0x00000000eab00000)
  object space 300544K, 78% used [0x00000000c0000000,0x00000000ce5de6c0,0x00000000d2580000)
 Metaspace       used 88657K, committed 89664K, reserved 1130496K
  class space    used 8768K, committed 9152K, reserved 1048576K
}
Event: 1989.148 GC heap before
{Heap before GC invocations=6292 (full 124):
 PSYoungGen      total 5120K, used 5120K [0x00000000eab00000, 0x00000000eb300000, 0x0000000100000000)
  eden space 4096K, 100% used [0x00000000eab00000,0x00000000eaf00000,0x00000000eaf00000)
  from space 1024K, 100% used [0x00000000eaf80000,0x00000000eb080000,0x00000000eb080000)
  to   space 2048K, 0% used [0x00000000eb100000,0x00000000eb100000,0x00000000eb300000)
 ParOldGen       total 300544K, used 235385K [0x00000000c0000000, 0x00000000d2580000, 0x00000000eab00000)
  object space 300544K, 78% used [0x00000000c0000000,0x00000000ce5de6c0,0x00000000d2580000)
 Metaspace       used 88657K, committed 89664K, reserved 1130496K
  class space    used 8768K, committed 9152K, reserved 1048576K
}
Event: 1989.154 GC heap after
{Heap after GC invocations=6292 (full 124):
 PSYoungGen      total 4608K, used 480K [0x00000000eab00000, 0x00000000eb180000, 0x0000000100000000)
  eden space 4096K, 0% used [0x00000000eab00000,0x00000000eab00000,0x00000000eaf00000)
  from space 512K, 93% used [0x00000000eb100000,0x00000000eb178000,0x00000000eb180000)
  to   space 1024K, 0% used [0x00000000eaf80000,0x00000000eaf80000,0x00000000eb080000)
 ParOldGen       total 300544K, used 236371K [0x00000000c0000000, 0x00000000d2580000, 0x00000000eab00000)
  object space 300544K, 78% used [0x00000000c0000000,0x00000000ce6d4de8,0x00000000d2580000)
 Metaspace       used 88657K, committed 89664K, reserved 1130496K
  class space    used 8768K, committed 9152K, reserved 1048576K
}

